<?xml version="1.0" encoding="UTF-8"?>
<!-- Generated by org.testng.reporters.JUnitReportReporter -->
<testsuite skipped="0" hostname="DESKTOP-U8UDBFC" name="testcases.LoginAndLogout" tests="4" failures="0" timestamp="2020-10-25T11:28:13 IST" time="137.823" errors="0">
  <testcase name="loginLogout" time="40.836" classname="testcases.LoginAndLogout"/>
  <system-out/>
  <testcase name="loginLogout" time="55.005" classname="testcases.LoginAndLogout"/>
  <system-out/>
  <testcase name="loginLogout" time="21.167" classname="testcases.LoginAndLogout"/>
  <system-out/>
  <testcase name="loginLogout" time="20.815" classname="testcases.LoginAndLogout"/>
  <system-out/>
</testsuite> <!-- testcases.LoginAndLogout -->
